Using pre-set license
Built from '2021.1/staging' branch; Version is '2021.1.24f1 (6667702a1e7c) revision 6711152'; Using compiler version '192528614'; Build Type 'Release'
OS: 'Windows 10 Home; OS build 19043.1348; Version 2009; 64bit' Language: 'en' Physical Memory: 8112 MB
BatchMode: 1, IsHumanControllingUs: 0, StartBugReporterOnCrash: 0, Is64bit: 1, IsPro: 0

COMMAND LINE ARGUMENTS:
C:\Program Files\Unity\Hub\Editor\2021.1.24f1\Editor\Unity.exe
-adb2
-batchMode
-noUpm
-name
AssetImportWorker3
-projectPath
C:/Users/sacco/Desktop/LEVEL 5 YEAR 2/Game Engines/Intro To UNITY/BONK THE EVIL game/BONK-THE-EVIL-game-Martha-Anna-Sacco
-logFile
Logs/AssetImportWorker3.log
-srvPort
59276
Successfully changed project path to: C:/Users/sacco/Desktop/LEVEL 5 YEAR 2/Game Engines/Intro To UNITY/BONK THE EVIL game/BONK-THE-EVIL-game-Martha-Anna-Sacco
C:/Users/sacco/Desktop/LEVEL 5 YEAR 2/Game Engines/Intro To UNITY/BONK THE EVIL game/BONK-THE-EVIL-game-Martha-Anna-Sacco
Using Asset Import Pipeline V2.
Refreshing native plugins compatible for Editor in 166.95 ms, found 4 plugins.
Preloading 0 native plugins for Editor in 0.00 ms.
Initialize engine version: 2021.1.24f1 (6667702a1e7c)
[Subsystems] Discovering subsystems at path C:/Program Files/Unity/Hub/Editor/2021.1.24f1/Editor/Data/Resources/UnitySubsystems
[Subsystems] Discovering subsystems at path C:/Users/sacco/Desktop/LEVEL 5 YEAR 2/Game Engines/Intro To UNITY/BONK THE EVIL game/BONK-THE-EVIL-game-Martha-Anna-Sacco/Assets
GfxDevice: creating device client; threaded=0; jobified=0
Direct3D:
    Version:  Direct3D 11.0 [level 11.1]
    Renderer: Intel(R) HD Graphics 630 (ID=0x591b)
    Vendor:   Intel
    VRAM:     4056 MB
    Driver:   25.20.100.6373
Initialize mono
Mono path[0] = 'C:/Program Files/Unity/Hub/Editor/2021.1.24f1/Editor/Data/Managed'
Mono path[1] = 'C:/Program Files/Unity/Hub/Editor/2021.1.24f1/Editor/Data/MonoBleedingEdge/lib/mono/unityjit'
Mono config path = 'C:/Program Files/Unity/Hub/Editor/2021.1.24f1/Editor/Data/MonoBleedingEdge/etc'
Using monoOptions --debugger-agent=transport=dt_socket,embedding=1,server=y,suspend=n,address=127.0.0.1:56396
Begin MonoManager ReloadAssembly
Registering precompiled unity dll's ...
Register platform support module: C:/Program Files/Unity/Hub/Editor/2021.1.24f1/Editor/Data/PlaybackEngines/WindowsStandaloneSupport/UnityEditor.WindowsStandalone.Extensions.dll
Registered in 0.003394 seconds.
Native extension for WindowsStandalone target not found
Refreshing native plugins compatible for Editor in 128.07 ms, found 4 plugins.
Preloading 0 native plugins for Editor in 0.00 ms.
Mono: successfully reloaded assembly
- Completed reload, in  1.551 seconds
Domain Reload Profiling:
	ReloadAssembly (1551ms)
		BeginReloadAssembly (86ms)
			ExecutionOrderSort (0ms)
			DisableScriptedObjects (0ms)
			BackupInstance (0ms)
			ReleaseScriptingObjects (0ms)
			CreateAndSetChildDomain (1ms)
		EndReloadAssembly (580ms)
			LoadAssemblies (84ms)
			RebuildTransferFunctionScriptingTraits (0ms)
			SetupTypeCache (196ms)
			ReleaseScriptCaches (0ms)
			RebuildScriptCaches (37ms)
			SetupLoadedEditorAssemblies (293ms)
				LogAssemblyErrors (0ms)
				InitializePlatformSupportModulesInManaged (7ms)
				SetLoadedEditorAssemblies (0ms)
				RefreshPlugins (128ms)
				BeforeProcessingInitializeOnLoad (1ms)
				ProcessInitializeOnLoadAttributes (117ms)
				ProcessInitializeOnLoadMethodAttributes (39ms)
				AfterProcessingInitializeOnLoad (0ms)
				EditorAssembliesLoaded (0ms)
			ExecutionOrderSort2 (0ms)
			AwakeInstancesAfterBackupRestoration (0ms)
Platform modules already initialized, skipping
Registering precompiled user dll's ...
Registered in 0.006530 seconds.
Begin MonoManager ReloadAssembly
Symbol file LoadedFromMemory doesn't match image C:\Users\sacco\Desktop\LEVEL 5 YEAR 2\Game Engines\Intro To UNITY\BONK THE EVIL game\BONK-THE-EVIL-game-Martha-Anna-Sacco\Library\PackageCache\com.unity.visualscripting@1.6.1\Editor\VisualScripting.Core\Dependencies\YamlDotNet\Unity.VisualScripting.YamlDotNet.dll
Symbol file LoadedFromMemory doesn't match image C:\Users\sacco\Desktop\LEVEL 5 YEAR 2\Game Engines\Intro To UNITY\BONK THE EVIL game\BONK-THE-EVIL-game-Martha-Anna-Sacco\Library\PackageCache\com.unity.visualscripting@1.6.1\Editor\VisualScripting.Core\Dependencies\DotNetZip\Unity.VisualScripting.IonicZip.dll
Native extension for WindowsStandalone target not found
Refreshing native plugins compatible for Editor in 139.64 ms, found 4 plugins.
Preloading 0 native plugins for Editor in 0.00 ms.
Mono: successfully reloaded assembly
- Completed reload, in  1.767 seconds
Domain Reload Profiling:
	ReloadAssembly (1768ms)
		BeginReloadAssembly (223ms)
			ExecutionOrderSort (0ms)
			DisableScriptedObjects (8ms)
			BackupInstance (0ms)
			ReleaseScriptingObjects (0ms)
			CreateAndSetChildDomain (25ms)
		EndReloadAssembly (1461ms)
			LoadAssemblies (182ms)
			RebuildTransferFunctionScriptingTraits (0ms)
			SetupTypeCache (485ms)
			ReleaseScriptCaches (1ms)
			RebuildScriptCaches (70ms)
			SetupLoadedEditorAssemblies (615ms)
				LogAssemblyErrors (0ms)
				InitializePlatformSupportModulesInManaged (5ms)
				SetLoadedEditorAssemblies (0ms)
				RefreshPlugins (140ms)
				BeforeProcessingInitializeOnLoad (136ms)
				ProcessInitializeOnLoadAttributes (302ms)
				ProcessInitializeOnLoadMethodAttributes (23ms)
				AfterProcessingInitializeOnLoad (8ms)
				EditorAssembliesLoaded (0ms)
			ExecutionOrderSort2 (0ms)
			AwakeInstancesAfterBackupRestoration (10ms)
Platform modules already initialized, skipping
========================================================================
Worker process is ready to serve import requests
Launched and connected shader compiler UnityShaderCompiler.exe after 1.40 seconds
Refreshing native plugins compatible for Editor in 0.92 ms, found 4 plugins.
Preloading 0 native plugins for Editor in 0.00 ms.
Unloading 3685 Unused Serialized files (Serialized files now loaded: 0)
System memory in use before: 138.1 MB.
System memory in use after: 138.3 MB.

Unloading 30 unused Assets to reduce memory usage. Loaded Objects now: 4136.
Total: 6.982800 ms (FindLiveObjects: 0.683000 ms CreateObjectMapping: 0.551000 ms MarkObjects: 5.595000 ms  DeleteObjects: 0.151700 ms)

AssetImportParameters requested are different than current active one (requested -> active):
  custom:framework-win-MediaFoundation: 216162199b28c13a410421893ffa2e32 -> 
  custom:video-decoder-ogg-theora: a1e56fd34408186e4bbccfd4996cb3dc -> 
  custom:container-muxer-webm: aa71ff27fc2769a1b78a27578f13a17b -> 
  custom:container-demuxer-webm: 4f35f7cbe854078d1ac9338744f61a02 -> 
  custom:container-demuxer-ogg: 62fdf1f143b41e24485cea50d1cbac27 -> 
  custom:video-encoder-webm-vp8: eb34c28f22e8b96e1ab97ce403110664 -> 
  custom:video-decoder-webm-vp8: 9c59270c3fd7afecdb556c50c9e8de78 -> 
  custom:audio-decoder-ogg-vorbis: bf7c407c2cedff20999df2af8eb42d56 -> 
  custom:audio-encoder-webm-vorbis: bf7c407c2cedff20999df2af8eb42d56 -> 
========================================================================
Received Import Request.
  path: Assets/Scripts/ProductsHit.cs
  artifactKey: Guid(d4fe44baab95ea04996134a9d6e077ed) Importer(815301076,1909f56bfc062723c751e8b465ee728b)
Start importing Assets/Scripts/ProductsHit.cs using Guid(d4fe44baab95ea04996134a9d6e077ed) Importer(815301076,1909f56bfc062723c751e8b465ee728b)  -> (artifact id: '4fc390e80a9405e22c4b48c32a2bcf28') in 1.713003 seconds 
========================================================================
Received Import Request.
  Time since last request: 1130.257513 seconds.
  path: Assets/Scenes/SampleScene.unity
  artifactKey: Guid(2cda990e2423bbf4892e6590ba056729) Importer(815301076,1909f56bfc062723c751e8b465ee728b)
Start importing Assets/Scenes/SampleScene.unity using Guid(2cda990e2423bbf4892e6590ba056729) Importer(815301076,1909f56bfc062723c751e8b465ee728b)  -> (artifact id: '18ddbe726a265a9ce3e29818fe898569') in 0.057495 seconds 
========================================================================
Received Prepare
Registering precompiled user dll's ...
Registered in 0.006029 seconds.
Begin MonoManager ReloadAssembly
Symbol file LoadedFromMemory doesn't match image C:\Users\sacco\Desktop\LEVEL 5 YEAR 2\Game Engines\Intro To UNITY\BONK THE EVIL game\BONK-THE-EVIL-game-Martha-Anna-Sacco\Library\PackageCache\com.unity.visualscripting@1.6.1\Editor\VisualScripting.Core\Dependencies\YamlDotNet\Unity.VisualScripting.YamlDotNet.dll
Symbol file LoadedFromMemory doesn't match image C:\Users\sacco\Desktop\LEVEL 5 YEAR 2\Game Engines\Intro To UNITY\BONK THE EVIL game\BONK-THE-EVIL-game-Martha-Anna-Sacco\Library\PackageCache\com.unity.visualscripting@1.6.1\Editor\VisualScripting.Core\Dependencies\DotNetZip\Unity.VisualScripting.IonicZip.dll
Native extension for WindowsStandalone target not found
Refreshing native plugins compatible for Editor in 0.94 ms, found 4 plugins.
Preloading 0 native plugins for Editor in 0.00 ms.
Mono: successfully reloaded assembly
- Completed reload, in  1.445 seconds
Domain Reload Profiling:
	ReloadAssembly (1446ms)
		BeginReloadAssembly (174ms)
			ExecutionOrderSort (0ms)
			DisableScriptedObjects (8ms)
			BackupInstance (0ms)
			ReleaseScriptingObjects (0ms)
			CreateAndSetChildDomain (50ms)
		EndReloadAssembly (1196ms)
			LoadAssemblies (135ms)
			RebuildTransferFunctionScriptingTraits (0ms)
			SetupTypeCache (466ms)
			ReleaseScriptCaches (2ms)
			RebuildScriptCaches (60ms)
			SetupLoadedEditorAssemblies (396ms)
				LogAssemblyErrors (0ms)
				InitializePlatformSupportModulesInManaged (6ms)
				SetLoadedEditorAssemblies (0ms)
				RefreshPlugins (1ms)
				BeforeProcessingInitializeOnLoad (94ms)
				ProcessInitializeOnLoadAttributes (274ms)
				ProcessInitializeOnLoadMethodAttributes (12ms)
				AfterProcessingInitializeOnLoad (8ms)
				EditorAssembliesLoaded (0ms)
			ExecutionOrderSort2 (0ms)
			AwakeInstancesAfterBackupRestoration (14ms)
Platform modules already initialized, skipping
Refreshing native plugins compatible for Editor in 0.78 ms, found 4 plugins.
Preloading 0 native plugins for Editor in 0.00 ms.
Unloading 3675 Unused Serialized files (Serialized files now loaded: 0)
System memory in use before: 137.6 MB.
System memory in use after: 137.9 MB.

Unloading 18 unused Assets to reduce memory usage. Loaded Objects now: 4139.
Total: 4.611500 ms (FindLiveObjects: 0.294400 ms CreateObjectMapping: 0.206500 ms MarkObjects: 4.081400 ms  DeleteObjects: 0.028000 ms)

AssetImportParameters requested are different than current active one (requested -> active):
  custom:framework-win-MediaFoundation: 216162199b28c13a410421893ffa2e32 -> 
  custom:video-decoder-ogg-theora: a1e56fd34408186e4bbccfd4996cb3dc -> 
  custom:container-muxer-webm: aa71ff27fc2769a1b78a27578f13a17b -> 
  custom:container-demuxer-webm: 4f35f7cbe854078d1ac9338744f61a02 -> 
  custom:container-demuxer-ogg: 62fdf1f143b41e24485cea50d1cbac27 -> 
  custom:video-encoder-webm-vp8: eb34c28f22e8b96e1ab97ce403110664 -> 
  custom:video-decoder-webm-vp8: 9c59270c3fd7afecdb556c50c9e8de78 -> 
  custom:audio-decoder-ogg-vorbis: bf7c407c2cedff20999df2af8eb42d56 -> 
  custom:audio-encoder-webm-vorbis: bf7c407c2cedff20999df2af8eb42d56 -> 
========================================================================
Received Import Request.
  Time since last request: 508.679670 seconds.
  path: Assets/Scripts/GameController.cs
  artifactKey: Guid(81cc9789507670d4c9649f731802be97) Importer(815301076,1909f56bfc062723c751e8b465ee728b)
Start importing Assets/Scripts/GameController.cs using Guid(81cc9789507670d4c9649f731802be97) Importer(815301076,1909f56bfc062723c751e8b465ee728b)  -> (artifact id: '9a35ad6178e06c1c5ba62ab226c78578') in 0.041294 seconds 
========================================================================
Received Import Request.
  Time since last request: 47.576408 seconds.
  path: Assets/Scripts/GameController.cs
  artifactKey: Guid(81cc9789507670d4c9649f731802be97) Importer(815301076,1909f56bfc062723c751e8b465ee728b)
Start importing Assets/Scripts/GameController.cs using Guid(81cc9789507670d4c9649f731802be97) Importer(815301076,1909f56bfc062723c751e8b465ee728b)  -> (artifact id: 'c3b29b38185d3cc0e232cccebc5f12ff') in 0.009685 seconds 
========================================================================
Received Import Request.
  Time since last request: 562.899706 seconds.
  path: Assets/Scripts/GameController.cs
  artifactKey: Guid(81cc9789507670d4c9649f731802be97) Importer(815301076,1909f56bfc062723c751e8b465ee728b)
Start importing Assets/Scripts/GameController.cs using Guid(81cc9789507670d4c9649f731802be97) Importer(815301076,1909f56bfc062723c751e8b465ee728b)  -> (artifact id: '4cd3291efe0a6fc0e73c5f484d37730d') in 0.017241 seconds 
========================================================================
Received Import Request.
  Time since last request: 127.924936 seconds.
  path: Assets/Scripts/GameController.cs
  artifactKey: Guid(81cc9789507670d4c9649f731802be97) Importer(815301076,1909f56bfc062723c751e8b465ee728b)
Start importing Assets/Scripts/GameController.cs using Guid(81cc9789507670d4c9649f731802be97) Importer(815301076,1909f56bfc062723c751e8b465ee728b)  -> (artifact id: '65276ca232c5f6f344fa38ac4d9cd4c6') in 0.008579 seconds 
========================================================================
Received Import Request.
  Time since last request: 27.141733 seconds.
  path: ProjectSettings/TagManager.asset
  artifactKey: Guid(00000000000000003000000000000000) Importer(815301076,1909f56bfc062723c751e8b465ee728b)
Start importing ProjectSettings/TagManager.asset using Guid(00000000000000003000000000000000) Importer(815301076,1909f56bfc062723c751e8b465ee728b)  -> (artifact id: '657967e475028107445ec5bbc93ca63c') in 0.098651 seconds 
========================================================================
Received Import Request.
  Time since last request: 11957.716889 seconds.
  path: Assets/Scenes/GameOverScreen.unity
  artifactKey: Guid(f54c44025c7929247830c77be2c39caa) Importer(815301076,1909f56bfc062723c751e8b465ee728b)
Start importing Assets/Scenes/GameOverScreen.unity using Guid(f54c44025c7929247830c77be2c39caa) Importer(815301076,1909f56bfc062723c751e8b465ee728b)  -> (artifact id: '9e6a102471a8d6f1a9aa6f0bc490d5c7') in 1.304015 seconds 
